<?xml version="1.0" encoding="UTF-8"?>
<testsuite xmlns:xsi="http://www.w3.org/2001/XMLSchema-instance" xsi:noNamespaceSchemaLocation="https://maven.apache.org/surefire/maven-surefire-plugin/xsd/surefire-test-report-3.0.xsd" version="3.0" name="hello.CalculatorTests" time="3.972" tests="2" errors="0" skipped="0" failures="0">
  <properties>
[...]
</properties>
  <testcase name="testSimpleAddition" classname="hello.CalculatorTests" time="1.339">
    <system-out><![CDATA[17:59:22.692 [main] INFO org.springframework.test.context.support.AnnotationConfigContextLoaderUtils -- Could not detect default configuration classes for test class [hello.CalculatorTests]: CalculatorTests does not declare any static, non-private, non-final, nested classes annotated with @Configuration.
17:59:22.823 [main] INFO org.springframework.boot.test.context.SpringBootTestContextBootstrapper -- Found @SpringBootConfiguration hello.Application for test class hello.CalculatorTests
  .   ____          _            __ _ _
 /\\ / ___'_ __ _ _(_)_ __  __ _ \ \ \ \
( ( )\___ | '_ | '_| | '_ \/ _` | \ \ \ \
 \\/  ___)| |_)| | | | | || (_| |  ) ) ) )
  '  |____| .__|_| |_|_| |_\__, | / / / /
 =========|_|==============|___/=/_/_/_/

 :: Spring Boot ::                (v3.3.0)

2024-10-17T17:59:23.373+03:00  INFO 17960 --- [testLatticeApp] [           main] hello.CalculatorTests                    : Starting CalculatorTests using Java 20.0.2 with PID 17960 (started by MSI in C:\Users\MSI\gs-spring-boot-docker\complete)
2024-10-17T17:59:23.374+03:00  INFO 17960 --- [testLatticeApp] [           main] hello.CalculatorTests                    : No active profile set, falling back to 1 default profile: "default"
2024-10-17T17:59:24.500+03:00  INFO 17960 --- [testLatticeApp] [           main] o.s.b.w.embedded.tomcat.TomcatWebServer  : Tomcat initialized with port 0 (http)
2024-10-17T17:59:24.515+03:00  INFO 17960 --- [testLatticeApp] [           main] o.apache.catalina.core.StandardService   : Starting service [Tomcat]
2024-10-17T17:59:24.515+03:00  INFO 17960 --- [testLatticeApp] [           main] o.apache.catalina.core.StandardEngine    : Starting Servlet engine: [Apache Tomcat/10.1.24]
2024-10-17T17:59:24.582+03:00  INFO 17960 --- [testLatticeApp] [           main] o.a.c.c.C.[Tomcat].[localhost].[/]       : Initializing Spring embedded WebApplicationContext
2024-10-17T17:59:24.583+03:00  INFO 17960 --- [testLatticeApp] [           main] w.s.c.ServletWebServerApplicationContext : Root WebApplicationContext: initialization completed in 1182 ms
2024-10-17T17:59:25.067+03:00  INFO 17960 --- [testLatticeApp] [           main] o.s.b.w.embedded.tomcat.TomcatWebServer  : Tomcat started on port 62225 (http) with context path '/'
2024-10-17T17:59:25.077+03:00  INFO 17960 --- [testLatticeApp] [           main] hello.CalculatorTests                    : Started CalculatorTests in 2.079 seconds (process running for 3.159)
2024-10-17T17:59:26.036+03:00  INFO 17960 --- [testLatticeApp] [o-auto-1-exec-1] o.a.c.c.C.[Tomcat].[localhost].[/]       : Initializing Spring DispatcherServlet 'dispatcherServlet'
2024-10-17T17:59:26.036+03:00  INFO 17960 --- [testLatticeApp] [o-auto-1-exec-1] o.s.web.servlet.DispatcherServlet        : Initializing Servlet 'dispatcherServlet'
2024-10-17T17:59:26.037+03:00  INFO 17960 --- [testLatticeApp] [o-auto-1-exec-1] o.s.web.servlet.DispatcherServlet        : Completed initialization in 1 ms
Simple addition result: 4.0
]]></system-out>
  </testcase>
  <testcase name="testHomePage" classname="hello.CalculatorTests" time="0.01">
    <system-out><![CDATA[Home page test passed. Body contains 'Калькулятор'
]]></system-out>
  </testcase>
</testsuite>